# JRE version: Java(TM) SE Runtime Environment (19.0.2+7) (build 19.0.2+7-44)
# Java VM: Java HotSpot(TM) 64-Bit Server VM (19.0.2+7-44, mixed mode, emulated-client, sharing, tiered, compressed oops, compressed class ptrs, g1 gc, windows-amd64)
GC Precious Log:
 CardTable entry size: 512
 Card Set container configuration: InlinePtr #cards 4 size 8 Array Of Cards #cards 16 size 48 Howl #buckets 8 coarsen threshold 3686 Howl Bitmap #cards 512 size 80 coarsen threshold 460 Card regions per heap region 1 cards per card region 4096
 CPUs: 8 total, 8 available
 Memory: 16103M
 Large Page Support: Disabled
 NUMA Support: Disabled
 Compressed Oops: Enabled (Zero based)
 Heap Region Size: 2M
 Heap Min Capacity: 8M
 Heap Initial Capacity: 252M
 Heap Max Capacity: 4026M
 Pre-touch: Disabled
 Parallel Workers: 8
 Concurrent Workers: 2
 Concurrent Refinement Workers: 8
 Periodic GC: Disabled
Heap:
 garbage-first heap   total 116736K, used 73442K [0x0000000704600000, 0x0000000800000000)
  region size 2048K, 21 young (43008K), 1 survivors (2048K)
 Metaspace       used 66065K, committed 66688K, reserved 1114112K
  class space    used 9167K, committed 9472K, reserved 1048576K
GC Heap History (20 events):
Event: 5.309 GC heap before
{Heap before GC invocations=8 (full 0):
 garbage-first heap   total 75776K, used 56791K [0x0000000704600000, 0x0000000800000000)
  region size 2048K, 20 young (40960K), 1 survivors (2048K)
 Metaspace       used 45347K, committed 45888K, reserved 1114112K
  class space    used 6018K, committed 6272K, reserved 1048576K
}
Event: 5.313 GC heap after
{Heap after GC invocations=9 (full 0):
 garbage-first heap   total 75776K, used 23003K [0x0000000704600000, 0x0000000800000000)
  region size 2048K, 3 young (6144K), 3 survivors (6144K)
 Metaspace       used 45347K, committed 45888K, reserved 1114112K
  class space    used 6018K, committed 6272K, reserved 1048576K
}
Event: 5.368 GC heap before
{Heap before GC invocations=9 (full 0):
 garbage-first heap   total 75776K, used 25051K [0x0000000704600000, 0x0000000800000000)
  region size 2048K, 4 young (8192K), 3 survivors (6144K)
 Metaspace       used 46482K, committed 47040K, reserved 1114112K
  class space    used 6246K, committed 6528K, reserved 1048576K
}
Event: 5.376 GC heap after
{Heap after GC invocations=10 (full 0):
 garbage-first heap   total 75776K, used 22902K [0x0000000704600000, 0x0000000800000000)
  region size 2048K, 1 young (2048K), 1 survivors (2048K)
 Metaspace       used 46482K, committed 47040K, reserved 1114112K
  class space    used 6246K, committed 6528K, reserved 1048576K
}
Event: 5.915 GC heap before
{Heap before GC invocations=10 (full 0):
 garbage-first heap   total 75776K, used 51574K [0x0000000704600000, 0x0000000800000000)
  region size 2048K, 16 young (32768K), 1 survivors (2048K)
 Metaspace       used 50832K, committed 51328K, reserved 1114112K
  class space    used 6926K, committed 7168K, reserved 1048576K
}
Event: 5.917 GC heap after
{Heap after GC invocations=11 (full 0):
 garbage-first heap   total 75776K, used 23652K [0x0000000704600000, 0x0000000800000000)
  region size 2048K, 1 young (2048K), 1 survivors (2048K)
 Metaspace       used 50832K, committed 51328K, reserved 1114112K
  class space    used 6926K, committed 7168K, reserved 1048576K
}
Event: 6.518 GC heap before
{Heap before GC invocations=11 (full 0):
 garbage-first heap   total 75776K, used 56420K [0x0000000704600000, 0x0000000800000000)
  region size 2048K, 17 young (34816K), 1 survivors (2048K)
 Metaspace       used 56577K, committed 57152K, reserved 1114112K
  class space    used 7677K, committed 7936K, reserved 1048576K
}
Event: 6.522 GC heap after
{Heap after GC invocations=12 (full 0):
 garbage-first heap   total 75776K, used 25998K [0x0000000704600000, 0x0000000800000000)
  region size 2048K, 2 young (4096K), 2 survivors (4096K)
 Metaspace       used 56577K, committed 57152K, reserved 1114112K
  class space    used 7677K, committed 7936K, reserved 1048576K
}
Event: 6.794 GC heap before
{Heap before GC invocations=12 (full 0):
 garbage-first heap   total 75776K, used 56718K [0x0000000704600000, 0x0000000800000000)
  region size 2048K, 17 young (34816K), 2 survivors (4096K)
 Metaspace       used 59217K, committed 59776K, reserved 1114112K
  class space    used 8177K, committed 8448K, reserved 1048576K
}
Event: 6.799 GC heap after
{Heap after GC invocations=13 (full 0):
 garbage-first heap   total 75776K, used 27821K [0x0000000704600000, 0x0000000800000000)
  region size 2048K, 3 young (6144K), 3 survivors (6144K)
 Metaspace       used 59217K, committed 59776K, reserved 1114112K
  class space    used 8177K, committed 8448K, reserved 1048576K
}
Event: 6.952 GC heap before
{Heap before GC invocations=13 (full 0):
 garbage-first heap   total 75776K, used 56493K [0x0000000704600000, 0x0000000800000000)
  region size 2048K, 17 young (34816K), 3 survivors (6144K)
 Metaspace       used 59368K, committed 59904K, reserved 1114112K
  class space    used 8187K, committed 8448K, reserved 1048576K
}
Event: 6.960 GC heap after
{Heap after GC invocations=14 (full 0):
 garbage-first heap   total 75776K, used 29509K [0x0000000704600000, 0x0000000800000000)
  region size 2048K, 2 young (4096K), 2 survivors (4096K)
 Metaspace       used 59368K, committed 59904K, reserved 1114112K
  class space    used 8187K, committed 8448K, reserved 1048576K
}
Event: 7.101 GC heap before
{Heap before GC invocations=14 (full 0):
 garbage-first heap   total 75776K, used 58181K [0x0000000704600000, 0x0000000800000000)
  region size 2048K, 16 young (32768K), 2 survivors (4096K)
 Metaspace       used 59555K, committed 60096K, reserved 1114112K
  class space    used 8213K, committed 8448K, reserved 1048576K
}
Event: 7.105 GC heap after
{Heap after GC invocations=15 (full 0):
 garbage-first heap   total 145408K, used 30270K [0x0000000704600000, 0x0000000800000000)
  region size 2048K, 2 young (4096K), 2 survivors (4096K)
 Metaspace       used 59555K, committed 60096K, reserved 1114112K
  class space    used 8213K, committed 8448K, reserved 1048576K
}
Event: 7.294 GC heap before
{Heap before GC invocations=15 (full 0):
 garbage-first heap   total 145408K, used 50750K [0x0000000704600000, 0x0000000800000000)
  region size 2048K, 13 young (26624K), 2 survivors (4096K)
 Metaspace       used 60085K, committed 60608K, reserved 1114112K
  class space    used 8269K, committed 8512K, reserved 1048576K
}
Event: 7.297 GC heap after
{Heap after GC invocations=16 (full 0):
 garbage-first heap   total 145408K, used 31071K [0x0000000704600000, 0x0000000800000000)
  region size 2048K, 2 young (4096K), 2 survivors (4096K)
 Metaspace       used 60085K, committed 60608K, reserved 1114112K
  class space    used 8269K, committed 8512K, reserved 1048576K
}
Event: 7.630 GC heap before
{Heap before GC invocations=17 (full 0):
 garbage-first heap   total 116736K, used 96607K [0x0000000704600000, 0x0000000800000000)
  region size 2048K, 34 young (69632K), 2 survivors (4096K)
 Metaspace       used 61514K, committed 62144K, reserved 1114112K
  class space    used 8549K, committed 8832K, reserved 1048576K
}
Event: 7.634 GC heap after
{Heap after GC invocations=18 (full 0):
 garbage-first heap   total 116736K, used 33935K [0x0000000704600000, 0x0000000800000000)
  region size 2048K, 3 young (6144K), 3 survivors (6144K)
 Metaspace       used 61514K, committed 62144K, reserved 1114112K
  class space    used 8549K, committed 8832K, reserved 1048576K
}
Event: 7.646 GC heap before
{Heap before GC invocations=18 (full 0):
 garbage-first heap   total 116736K, used 35983K [0x0000000704600000, 0x0000000800000000)
  region size 2048K, 4 young (8192K), 3 survivors (6144K)
 Metaspace       used 61557K, committed 62144K, reserved 1114112K
  class space    used 8563K, committed 8832K, reserved 1048576K
}
Event: 7.649 GC heap after
{Heap after GC invocations=19 (full 0):
 garbage-first heap   total 116736K, used 34530K [0x0000000704600000, 0x0000000800000000)
  region size 2048K, 1 young (2048K), 1 survivors (2048K)
 Metaspace       used 61557K, committed 62144K, reserved 1114112K
  class space    used 8563K, committed 8832K, reserved 1048576K
}

