# JRE version: Java(TM) SE Runtime Environment (19.0.2+7) (build 19.0.2+7-44)
# Java VM: Java HotSpot(TM) 64-Bit Server VM (19.0.2+7-44, mixed mode, sharing, tiered, compressed oops, compressed class ptrs, g1 gc, windows-amd64)
GC Precious Log:
 CardTable entry size: 512
 Card Set container configuration: InlinePtr #cards 4 size 8 Array Of Cards #cards 16 size 48 Howl #buckets 8 coarsen threshold 3686 Howl Bitmap #cards 512 size 80 coarsen threshold 460 Card regions per heap region 1 cards per card region 4096
 CPUs: 8 total, 8 available
 Memory: 16103M
 Large Page Support: Disabled
 NUMA Support: Disabled
 Compressed Oops: Enabled (Zero based)
 Heap Region Size: 2M
 Heap Min Capacity: 8M
 Heap Initial Capacity: 252M
 Heap Max Capacity: 4026M
 Pre-touch: Disabled
 Parallel Workers: 8
 Concurrent Workers: 2
 Concurrent Refinement Workers: 8
 Periodic GC: Disabled
Heap:
 garbage-first heap   total 139264K, used 96742K [0x0000000704600000, 0x0000000800000000)
  region size 2048K, 18 young (36864K), 1 survivors (2048K)
 Metaspace       used 32516K, committed 33088K, reserved 1114112K
  class space    used 3352K, committed 3648K, reserved 1048576K
GC Heap History (20 events):
Event: 6.367 GC heap before
{Heap before GC invocations=6 (full 0):
 garbage-first heap   total 69632K, used 44950K [0x0000000704600000, 0x0000000800000000)
  region size 2048K, 10 young (20480K), 1 survivors (2048K)
 Metaspace       used 24191K, committed 24640K, reserved 1114112K
  class space    used 2574K, committed 2816K, reserved 1048576K
}
Event: 6.375 GC heap after
{Heap after GC invocations=7 (full 0):
 garbage-first heap   total 69632K, used 34278K [0x0000000704600000, 0x0000000800000000)
  region size 2048K, 2 young (4096K), 2 survivors (4096K)
 Metaspace       used 24191K, committed 24640K, reserved 1114112K
  class space    used 2574K, committed 2816K, reserved 1048576K
}
Event: 6.570 GC heap before
{Heap before GC invocations=7 (full 0):
 garbage-first heap   total 69632K, used 48614K [0x0000000704600000, 0x0000000800000000)
  region size 2048K, 9 young (18432K), 2 survivors (4096K)
 Metaspace       used 24701K, committed 25088K, reserved 1114112K
  class space    used 2633K, committed 2816K, reserved 1048576K
}
Event: 6.581 GC heap after
{Heap after GC invocations=8 (full 0):
 garbage-first heap   total 69632K, used 37155K [0x0000000704600000, 0x0000000800000000)
  region size 2048K, 2 young (4096K), 2 survivors (4096K)
 Metaspace       used 24701K, committed 25088K, reserved 1114112K
  class space    used 2633K, committed 2816K, reserved 1048576K
}
Event: 6.854 GC heap before
{Heap before GC invocations=8 (full 0):
 garbage-first heap   total 69632K, used 47395K [0x0000000704600000, 0x0000000800000000)
  region size 2048K, 8 young (16384K), 2 survivors (4096K)
 Metaspace       used 24957K, committed 25408K, reserved 1114112K
  class space    used 2635K, committed 2880K, reserved 1048576K
}
Event: 6.860 GC heap after
{Heap after GC invocations=9 (full 0):
 garbage-first heap   total 139264K, used 40108K [0x0000000704600000, 0x0000000800000000)
  region size 2048K, 1 young (2048K), 1 survivors (2048K)
 Metaspace       used 24957K, committed 25408K, reserved 1114112K
  class space    used 2635K, committed 2880K, reserved 1048576K
}
Event: 8.168 GC heap before
{Heap before GC invocations=10 (full 0):
 garbage-first heap   total 139264K, used 93356K [0x0000000704600000, 0x0000000800000000)
  region size 2048K, 28 young (57344K), 1 survivors (2048K)
 Metaspace       used 27241K, committed 27712K, reserved 1114112K
  class space    used 2852K, committed 3072K, reserved 1048576K
}
Event: 8.179 GC heap after
{Heap after GC invocations=11 (full 0):
 garbage-first heap   total 139264K, used 43484K [0x0000000704600000, 0x0000000800000000)
  region size 2048K, 3 young (6144K), 3 survivors (6144K)
 Metaspace       used 27241K, committed 27712K, reserved 1114112K
  class space    used 2852K, committed 3072K, reserved 1048576K
}
Event: 8.189 GC heap before
{Heap before GC invocations=11 (full 0):
 garbage-first heap   total 139264K, used 45532K [0x0000000704600000, 0x0000000800000000)
  region size 2048K, 4 young (8192K), 3 survivors (6144K)
 Metaspace       used 27248K, committed 27712K, reserved 1114112K
  class space    used 2852K, committed 3072K, reserved 1048576K
}
Event: 8.193 GC heap after
{Heap after GC invocations=12 (full 0):
 garbage-first heap   total 139264K, used 43474K [0x0000000704600000, 0x0000000800000000)
  region size 2048K, 1 young (2048K), 1 survivors (2048K)
 Metaspace       used 27248K, committed 27712K, reserved 1114112K
  class space    used 2852K, committed 3072K, reserved 1048576K
}
Event: 8.499 GC heap before
{Heap before GC invocations=12 (full 0):
 garbage-first heap   total 139264K, used 98770K [0x0000000704600000, 0x0000000800000000)
  region size 2048K, 28 young (57344K), 1 survivors (2048K)
 Metaspace       used 27380K, committed 27776K, reserved 1114112K
  class space    used 2856K, committed 3072K, reserved 1048576K
}
Event: 8.502 GC heap after
{Heap after GC invocations=13 (full 0):
 garbage-first heap   total 139264K, used 43815K [0x0000000704600000, 0x0000000800000000)
  region size 2048K, 1 young (2048K), 1 survivors (2048K)
 Metaspace       used 27380K, committed 27776K, reserved 1114112K
  class space    used 2856K, committed 3072K, reserved 1048576K
}
Event: 8.856 GC heap before
{Heap before GC invocations=13 (full 0):
 garbage-first heap   total 139264K, used 103207K [0x0000000704600000, 0x0000000800000000)
  region size 2048K, 30 young (61440K), 1 survivors (2048K)
 Metaspace       used 27575K, committed 27968K, reserved 1114112K
  class space    used 2858K, committed 3072K, reserved 1048576K
}
Event: 8.859 GC heap after
{Heap after GC invocations=14 (full 0):
 garbage-first heap   total 139264K, used 44468K [0x0000000704600000, 0x0000000800000000)
  region size 2048K, 1 young (2048K), 1 survivors (2048K)
 Metaspace       used 27575K, committed 27968K, reserved 1114112K
  class space    used 2858K, committed 3072K, reserved 1048576K
}
Event: 10.718 GC heap before
{Heap before GC invocations=14 (full 0):
 garbage-first heap   total 139264K, used 107956K [0x0000000704600000, 0x0000000800000000)
  region size 2048K, 31 young (63488K), 1 survivors (2048K)
 Metaspace       used 29931K, committed 30464K, reserved 1114112K
  class space    used 3087K, committed 3328K, reserved 1048576K
}
Event: 10.733 GC heap after
{Heap after GC invocations=15 (full 0):
 garbage-first heap   total 139264K, used 49394K [0x0000000704600000, 0x0000000800000000)
  region size 2048K, 3 young (6144K), 3 survivors (6144K)
 Metaspace       used 29931K, committed 30464K, reserved 1114112K
  class space    used 3087K, committed 3328K, reserved 1048576K
}
Event: 11.835 GC heap before
{Heap before GC invocations=15 (full 0):
 garbage-first heap   total 139264K, used 104690K [0x0000000704600000, 0x0000000800000000)
  region size 2048K, 31 young (63488K), 3 survivors (6144K)
 Metaspace       used 30214K, committed 30720K, reserved 1114112K
  class space    used 3107K, committed 3392K, reserved 1048576K
}
Event: 11.860 GC heap after
{Heap after GC invocations=16 (full 0):
 garbage-first heap   total 139264K, used 69400K [0x0000000704600000, 0x0000000800000000)
  region size 2048K, 4 young (8192K), 4 survivors (8192K)
 Metaspace       used 30214K, committed 30720K, reserved 1114112K
  class space    used 3107K, committed 3392K, reserved 1048576K
}
Event: 12.659 GC heap before
{Heap before GC invocations=16 (full 0):
 garbage-first heap   total 139264K, used 106264K [0x0000000704600000, 0x0000000800000000)
  region size 2048K, 22 young (45056K), 4 survivors (8192K)
 Metaspace       used 31458K, committed 32064K, reserved 1114112K
  class space    used 3244K, committed 3520K, reserved 1048576K
}
Event: 12.663 GC heap after
{Heap after GC invocations=17 (full 0):
 garbage-first heap   total 139264K, used 66022K [0x0000000704600000, 0x0000000800000000)
  region size 2048K, 1 young (2048K), 1 survivors (2048K)
 Metaspace       used 31458K, committed 32064K, reserved 1114112K
  class space    used 3244K, committed 3520K, reserved 1048576K
}

