# JRE version: Java(TM) SE Runtime Environment (19.0.2+7) (build 19.0.2+7-44)
# Java VM: Java HotSpot(TM) 64-Bit Server VM (19.0.2+7-44, mixed mode, emulated-client, sharing, tiered, compressed oops, compressed class ptrs, g1 gc, windows-amd64)
GC Precious Log:
 CardTable entry size: 512
 Card Set container configuration: InlinePtr #cards 4 size 8 Array Of Cards #cards 16 size 48 Howl #buckets 8 coarsen threshold 3686 Howl Bitmap #cards 512 size 80 coarsen threshold 460 Card regions per heap region 1 cards per card region 4096
 CPUs: 8 total, 8 available
 Memory: 16103M
 Large Page Support: Disabled
 NUMA Support: Disabled
 Compressed Oops: Enabled (Zero based)
 Heap Region Size: 2M
 Heap Min Capacity: 8M
 Heap Initial Capacity: 252M
 Heap Max Capacity: 4026M
 Pre-touch: Disabled
 Parallel Workers: 8
 Concurrent Workers: 2
 Concurrent Refinement Workers: 8
 Periodic GC: Disabled
Heap:
 garbage-first heap   total 104448K, used 64651K [0x0000000704600000, 0x0000000800000000)
  region size 2048K, 21 young (43008K), 2 survivors (4096K)
 Metaspace       used 64452K, committed 65024K, reserved 1114112K
  class space    used 8936K, committed 9216K, reserved 1048576K
GC Heap History (20 events):
Event: 1.890 GC heap before
{Heap before GC invocations=5 (full 0):
 garbage-first heap   total 61440K, used 19021K [0x0000000704600000, 0x0000000800000000)
  region size 2048K, 3 young (6144K), 2 survivors (4096K)
 Metaspace       used 26984K, committed 27520K, reserved 1114112K
  class space    used 3592K, committed 3840K, reserved 1048576K
}
Event: 1.893 GC heap after
{Heap after GC invocations=6 (full 0):
 garbage-first heap   total 61440K, used 17462K [0x0000000704600000, 0x0000000800000000)
  region size 2048K, 1 young (2048K), 1 survivors (2048K)
 Metaspace       used 26984K, committed 27520K, reserved 1114112K
  class space    used 3592K, committed 3840K, reserved 1048576K
}
Event: 2.379 GC heap before
{Heap before GC invocations=6 (full 0):
 garbage-first heap   total 61440K, used 37942K [0x0000000704600000, 0x0000000800000000)
  region size 2048K, 12 young (24576K), 1 survivors (2048K)
 Metaspace       used 34192K, committed 34752K, reserved 1114112K
  class space    used 4344K, committed 4608K, reserved 1048576K
}
Event: 2.381 GC heap after
{Heap after GC invocations=7 (full 0):
 garbage-first heap   total 159744K, used 18425K [0x0000000704600000, 0x0000000800000000)
  region size 2048K, 1 young (2048K), 1 survivors (2048K)
 Metaspace       used 34192K, committed 34752K, reserved 1114112K
  class space    used 4344K, committed 4608K, reserved 1048576K
}
Event: 2.452 GC heap before
{Heap before GC invocations=7 (full 0):
 garbage-first heap   total 159744K, used 22521K [0x0000000704600000, 0x0000000800000000)
  region size 2048K, 4 young (8192K), 1 survivors (2048K)
 Metaspace       used 35594K, committed 36096K, reserved 1114112K
  class space    used 4559K, committed 4800K, reserved 1048576K
}
Event: 2.454 GC heap after
{Heap after GC invocations=8 (full 0):
 garbage-first heap   total 159744K, used 18804K [0x0000000704600000, 0x0000000800000000)
  region size 2048K, 1 young (2048K), 1 survivors (2048K)
 Metaspace       used 35594K, committed 36096K, reserved 1114112K
  class space    used 4559K, committed 4800K, reserved 1048576K
}
Event: 3.179 GC heap before
{Heap before GC invocations=9 (full 0):
 garbage-first heap   total 75776K, used 61812K [0x0000000704600000, 0x0000000800000000)
  region size 2048K, 22 young (45056K), 1 survivors (2048K)
 Metaspace       used 47466K, committed 48000K, reserved 1114112K
  class space    used 6354K, committed 6592K, reserved 1048576K
}
Event: 3.184 GC heap after
{Heap after GC invocations=10 (full 0):
 garbage-first heap   total 75776K, used 21831K [0x0000000704600000, 0x0000000800000000)
  region size 2048K, 3 young (6144K), 3 survivors (6144K)
 Metaspace       used 47466K, committed 48000K, reserved 1114112K
  class space    used 6354K, committed 6592K, reserved 1048576K
}
Event: 3.226 GC heap before
{Heap before GC invocations=10 (full 0):
 garbage-first heap   total 75776K, used 23879K [0x0000000704600000, 0x0000000800000000)
  region size 2048K, 4 young (8192K), 3 survivors (6144K)
 Metaspace       used 48067K, committed 48576K, reserved 1114112K
  class space    used 6441K, committed 6656K, reserved 1048576K
}
Event: 3.230 GC heap after
{Heap after GC invocations=11 (full 0):
 garbage-first heap   total 75776K, used 22038K [0x0000000704600000, 0x0000000800000000)
  region size 2048K, 1 young (2048K), 1 survivors (2048K)
 Metaspace       used 48067K, committed 48576K, reserved 1114112K
  class space    used 6441K, committed 6656K, reserved 1048576K
}
Event: 3.746 GC heap before
{Heap before GC invocations=11 (full 0):
 garbage-first heap   total 75776K, used 54806K [0x0000000704600000, 0x0000000800000000)
  region size 2048K, 17 young (34816K), 1 survivors (2048K)
 Metaspace       used 51946K, committed 52480K, reserved 1114112K
  class space    used 7105K, committed 7360K, reserved 1048576K
}
Event: 3.747 GC heap after
{Heap after GC invocations=12 (full 0):
 garbage-first heap   total 75776K, used 22811K [0x0000000704600000, 0x0000000800000000)
  region size 2048K, 1 young (2048K), 1 survivors (2048K)
 Metaspace       used 51946K, committed 52480K, reserved 1114112K
  class space    used 7105K, committed 7360K, reserved 1048576K
}
Event: 4.197 GC heap before
{Heap before GC invocations=12 (full 0):
 garbage-first heap   total 75776K, used 55579K [0x0000000704600000, 0x0000000800000000)
  region size 2048K, 17 young (34816K), 1 survivors (2048K)
 Metaspace       used 57884K, committed 58432K, reserved 1114112K
  class space    used 7986K, committed 8256K, reserved 1048576K
}
Event: 4.201 GC heap after
{Heap after GC invocations=13 (full 0):
 garbage-first heap   total 75776K, used 26456K [0x0000000704600000, 0x0000000800000000)
  region size 2048K, 3 young (6144K), 3 survivors (6144K)
 Metaspace       used 57884K, committed 58432K, reserved 1114112K
  class space    used 7986K, committed 8256K, reserved 1048576K
}
Event: 4.305 GC heap before
{Heap before GC invocations=13 (full 0):
 garbage-first heap   total 75776K, used 53080K [0x0000000704600000, 0x0000000800000000)
  region size 2048K, 17 young (34816K), 3 survivors (6144K)
 Metaspace       used 58791K, committed 59456K, reserved 1114112K
  class space    used 8129K, committed 8448K, reserved 1048576K
}
Event: 4.308 GC heap after
{Heap after GC invocations=14 (full 0):
 garbage-first heap   total 75776K, used 27591K [0x0000000704600000, 0x0000000800000000)
  region size 2048K, 1 young (2048K), 1 survivors (2048K)
 Metaspace       used 58791K, committed 59456K, reserved 1114112K
  class space    used 8129K, committed 8448K, reserved 1048576K
}
Event: 4.518 GC heap before
{Heap before GC invocations=14 (full 0):
 garbage-first heap   total 75776K, used 58311K [0x0000000704600000, 0x0000000800000000)
  region size 2048K, 16 young (32768K), 1 survivors (2048K)
 Metaspace       used 59353K, committed 59968K, reserved 1114112K
  class space    used 8182K, committed 8512K, reserved 1048576K
}
Event: 4.520 GC heap after
{Heap after GC invocations=15 (full 0):
 garbage-first heap   total 75776K, used 28882K [0x0000000704600000, 0x0000000800000000)
  region size 2048K, 2 young (4096K), 2 survivors (4096K)
 Metaspace       used 59353K, committed 59968K, reserved 1114112K
  class space    used 8182K, committed 8512K, reserved 1048576K
}
Event: 4.623 GC heap before
{Heap before GC invocations=15 (full 0):
 garbage-first heap   total 75776K, used 35026K [0x0000000704600000, 0x0000000800000000)
  region size 2048K, 6 young (12288K), 2 survivors (4096K)
 Metaspace       used 60055K, committed 60608K, reserved 1114112K
  class space    used 8286K, committed 8576K, reserved 1048576K
}
Event: 4.625 GC heap after
{Heap after GC invocations=16 (full 0):
 garbage-first heap   total 104448K, used 29835K [0x0000000704600000, 0x0000000800000000)
  region size 2048K, 2 young (4096K), 2 survivors (4096K)
 Metaspace       used 60055K, committed 60608K, reserved 1114112K
  class space    used 8286K, committed 8576K, reserved 1048576K
}

