# JRE version: Java(TM) SE Runtime Environment (19.0.2+7) (build 19.0.2+7-44)
# Java VM: Java HotSpot(TM) 64-Bit Server VM (19.0.2+7-44, mixed mode, sharing, tiered, compressed oops, compressed class ptrs, g1 gc, windows-amd64)
GC Precious Log:
 CardTable entry size: 512
 Card Set container configuration: InlinePtr #cards 4 size 8 Array Of Cards #cards 16 size 48 Howl #buckets 8 coarsen threshold 3686 Howl Bitmap #cards 512 size 80 coarsen threshold 460 Card regions per heap region 1 cards per card region 4096
 CPUs: 8 total, 8 available
 Memory: 16103M
 Large Page Support: Disabled
 NUMA Support: Disabled
 Compressed Oops: Enabled (Zero based)
 Heap Region Size: 2M
 Heap Min Capacity: 8M
 Heap Initial Capacity: 252M
 Heap Max Capacity: 4026M
 Pre-touch: Disabled
 Parallel Workers: 8
 Concurrent Workers: 2
 Concurrent Refinement Workers: 8
 Periodic GC: Disabled
Heap:
 garbage-first heap   total 161792K, used 70487K [0x0000000704600000, 0x0000000800000000)
  region size 2048K, 12 young (24576K), 2 survivors (4096K)
 Metaspace       used 31220K, committed 31616K, reserved 1114112K
  class space    used 3276K, committed 3456K, reserved 1048576K
GC Heap History (20 events):
Event: 0.862 GC heap before
{Heap before GC invocations=0 (full 0):
 garbage-first heap   total 258048K, used 22528K [0x0000000704600000, 0x0000000800000000)
  region size 2048K, 11 young (22528K), 0 survivors (0K)
 Metaspace       used 5263K, committed 5440K, reserved 1114112K
  class space    used 581K, committed 640K, reserved 1048576K
}
Event: 0.865 GC heap after
{Heap after GC invocations=1 (full 0):
 garbage-first heap   total 258048K, used 3674K [0x0000000704600000, 0x0000000800000000)
  region size 2048K, 2 young (4096K), 2 survivors (4096K)
 Metaspace       used 5263K, committed 5440K, reserved 1114112K
  class space    used 581K, committed 640K, reserved 1048576K
}
Event: 1.361 GC heap before
{Heap before GC invocations=1 (full 0):
 garbage-first heap   total 258048K, used 38490K [0x0000000704600000, 0x0000000800000000)
  region size 2048K, 19 young (38912K), 2 survivors (4096K)
 Metaspace       used 10754K, committed 10944K, reserved 1114112K
  class space    used 1256K, committed 1344K, reserved 1048576K
}
Event: 1.366 GC heap after
{Heap after GC invocations=2 (full 0):
 garbage-first heap   total 258048K, used 6419K [0x0000000704600000, 0x0000000800000000)
  region size 2048K, 2 young (4096K), 2 survivors (4096K)
 Metaspace       used 10754K, committed 10944K, reserved 1114112K
  class space    used 1256K, committed 1344K, reserved 1048576K
}
Event: 3.373 GC heap before
{Heap before GC invocations=2 (full 0):
 garbage-first heap   total 258048K, used 143635K [0x0000000704600000, 0x0000000800000000)
  region size 2048K, 55 young (112640K), 2 survivors (4096K)
 Metaspace       used 21102K, committed 21504K, reserved 1114112K
  class space    used 2300K, committed 2496K, reserved 1048576K
}
Event: 3.387 GC heap after
{Heap after GC invocations=3 (full 0):
 garbage-first heap   total 258048K, used 15410K [0x0000000704600000, 0x0000000800000000)
  region size 2048K, 6 young (12288K), 6 survivors (12288K)
 Metaspace       used 21102K, committed 21504K, reserved 1114112K
  class space    used 2300K, committed 2496K, reserved 1048576K
}
Event: 4.419 GC heap before
{Heap before GC invocations=4 (full 0):
 garbage-first heap   total 61440K, used 39986K [0x0000000704600000, 0x0000000800000000)
  region size 2048K, 18 young (36864K), 6 survivors (12288K)
 Metaspace       used 23847K, committed 24256K, reserved 1114112K
  class space    used 2565K, committed 2752K, reserved 1048576K
}
Event: 4.438 GC heap after
{Heap after GC invocations=5 (full 0):
 garbage-first heap   total 63488K, used 25063K [0x0000000704600000, 0x0000000800000000)
  region size 2048K, 3 young (6144K), 3 survivors (6144K)
 Metaspace       used 23847K, committed 24256K, reserved 1114112K
  class space    used 2565K, committed 2752K, reserved 1048576K
}
Event: 4.489 GC heap before
{Heap before GC invocations=5 (full 0):
 garbage-first heap   total 63488K, used 27111K [0x0000000704600000, 0x0000000800000000)
  region size 2048K, 4 young (8192K), 3 survivors (6144K)
 Metaspace       used 23847K, committed 24256K, reserved 1114112K
  class space    used 2565K, committed 2752K, reserved 1048576K
}
Event: 4.499 GC heap after
{Heap after GC invocations=6 (full 0):
 garbage-first heap   total 63488K, used 26539K [0x0000000704600000, 0x0000000800000000)
  region size 2048K, 1 young (2048K), 1 survivors (2048K)
 Metaspace       used 23847K, committed 24256K, reserved 1114112K
  class space    used 2565K, committed 2752K, reserved 1048576K
}
Event: 4.848 GC heap before
{Heap before GC invocations=6 (full 0):
 garbage-first heap   total 63488K, used 42923K [0x0000000704600000, 0x0000000800000000)
  region size 2048K, 9 young (18432K), 1 survivors (2048K)
 Metaspace       used 24205K, committed 24576K, reserved 1114112K
  class space    used 2605K, committed 2816K, reserved 1048576K
}
Event: 4.858 GC heap after
{Heap after GC invocations=7 (full 0):
 garbage-first heap   total 63488K, used 30711K [0x0000000704600000, 0x0000000800000000)
  region size 2048K, 2 young (4096K), 2 survivors (4096K)
 Metaspace       used 24205K, committed 24576K, reserved 1114112K
  class space    used 2605K, committed 2816K, reserved 1048576K
}
Event: 5.179 GC heap before
{Heap before GC invocations=7 (full 0):
 garbage-first heap   total 63488K, used 45047K [0x0000000704600000, 0x0000000800000000)
  region size 2048K, 9 young (18432K), 2 survivors (4096K)
 Metaspace       used 24606K, committed 24960K, reserved 1114112K
  class space    used 2624K, committed 2816K, reserved 1048576K
}
Event: 5.192 GC heap after
{Heap after GC invocations=8 (full 0):
 garbage-first heap   total 161792K, used 33830K [0x0000000704600000, 0x0000000800000000)
  region size 2048K, 2 young (4096K), 2 survivors (4096K)
 Metaspace       used 24606K, committed 24960K, reserved 1114112K
  class space    used 2624K, committed 2816K, reserved 1048576K
}
Event: 7.429 GC heap before
{Heap before GC invocations=8 (full 0):
 garbage-first heap   total 161792K, used 101414K [0x0000000704600000, 0x0000000800000000)
  region size 2048K, 36 young (73728K), 2 survivors (4096K)
 Metaspace       used 27027K, committed 27456K, reserved 1114112K
  class space    used 2841K, committed 3072K, reserved 1048576K
}
Event: 7.439 GC heap after
{Heap after GC invocations=9 (full 0):
 garbage-first heap   total 161792K, used 34998K [0x0000000704600000, 0x0000000800000000)
  region size 2048K, 2 young (4096K), 2 survivors (4096K)
 Metaspace       used 27027K, committed 27456K, reserved 1114112K
  class space    used 2841K, committed 3072K, reserved 1048576K
}
Event: 10.075 GC heap before
{Heap before GC invocations=9 (full 0):
 garbage-first heap   total 161792K, used 108726K [0x0000000704600000, 0x0000000800000000)
  region size 2048K, 38 young (77824K), 2 survivors (4096K)
 Metaspace       used 28701K, committed 29120K, reserved 1114112K
  class space    used 3019K, committed 3200K, reserved 1048576K
}
Event: 10.103 GC heap after
{Heap after GC invocations=10 (full 0):
 garbage-first heap   total 161792K, used 54266K [0x0000000704600000, 0x0000000800000000)
  region size 2048K, 5 young (10240K), 5 survivors (10240K)
 Metaspace       used 28701K, committed 29120K, reserved 1114112K
  class space    used 3019K, committed 3200K, reserved 1048576K
}
Event: 11.792 GC heap before
{Heap before GC invocations=10 (full 0):
 garbage-first heap   total 161792K, used 109562K [0x0000000704600000, 0x0000000800000000)
  region size 2048K, 32 young (65536K), 5 survivors (10240K)
 Metaspace       used 30239K, committed 30656K, reserved 1114112K
  class space    used 3172K, committed 3392K, reserved 1048576K
}
Event: 11.798 GC heap after
{Heap after GC invocations=11 (full 0):
 garbage-first heap   total 161792K, used 52055K [0x0000000704600000, 0x0000000800000000)
  region size 2048K, 2 young (4096K), 2 survivors (4096K)
 Metaspace       used 30239K, committed 30656K, reserved 1114112K
  class space    used 3172K, committed 3392K, reserved 1048576K
}

