# JRE version: Java(TM) SE Runtime Environment (19.0.2+7) (build 19.0.2+7-44)
# Java VM: Java HotSpot(TM) 64-Bit Server VM (19.0.2+7-44, mixed mode, sharing, tiered, compressed oops, compressed class ptrs, g1 gc, windows-amd64)
GC Precious Log:
 CardTable entry size: 512
 Card Set container configuration: InlinePtr #cards 4 size 8 Array Of Cards #cards 16 size 48 Howl #buckets 8 coarsen threshold 3686 Howl Bitmap #cards 512 size 80 coarsen threshold 460 Card regions per heap region 1 cards per card region 4096
 CPUs: 8 total, 8 available
 Memory: 16103M
 Large Page Support: Disabled
 NUMA Support: Disabled
 Compressed Oops: Enabled (Zero based)
 Heap Region Size: 2M
 Heap Min Capacity: 8M
 Heap Initial Capacity: 252M
 Heap Max Capacity: 4026M
 Pre-touch: Disabled
 Parallel Workers: 8
 Concurrent Workers: 2
 Concurrent Refinement Workers: 8
 Periodic GC: Disabled
Heap:
 garbage-first heap   total 149504K, used 96655K [0x0000000704600000, 0x0000000800000000)
  region size 2048K, 19 young (38912K), 1 survivors (2048K)
 Metaspace       used 32505K, committed 33088K, reserved 1114112K
  class space    used 3356K, committed 3648K, reserved 1048576K
GC Heap History (20 events):
Event: 8.057 GC heap before
{Heap before GC invocations=8 (full 0):
 garbage-first heap   total 69632K, used 48642K [0x0000000704600000, 0x0000000800000000)
  region size 2048K, 8 young (16384K), 2 survivors (4096K)
 Metaspace       used 24911K, committed 25280K, reserved 1114112K
  class space    used 2636K, committed 2816K, reserved 1048576K
}
Event: 8.070 GC heap after
{Heap after GC invocations=9 (full 0):
 garbage-first heap   total 98304K, used 38636K [0x0000000704600000, 0x0000000800000000)
  region size 2048K, 1 young (2048K), 1 survivors (2048K)
 Metaspace       used 24911K, committed 25280K, reserved 1114112K
  class space    used 2636K, committed 2816K, reserved 1048576K
}
Event: 9.558 GC heap before
{Heap before GC invocations=10 (full 0):
 garbage-first heap   total 98304K, used 67308K [0x0000000704600000, 0x0000000800000000)
  region size 2048K, 16 young (32768K), 1 survivors (2048K)
 Metaspace       used 26466K, committed 26816K, reserved 1114112K
  class space    used 2783K, committed 2944K, reserved 1048576K
}
Event: 9.573 GC heap after
{Heap after GC invocations=11 (full 0):
 garbage-first heap   total 98304K, used 41498K [0x0000000704600000, 0x0000000800000000)
  region size 2048K, 2 young (4096K), 2 survivors (4096K)
 Metaspace       used 26466K, committed 26816K, reserved 1114112K
  class space    used 2783K, committed 2944K, reserved 1048576K
}
Event: 9.657 GC heap before
{Heap before GC invocations=11 (full 0):
 garbage-first heap   total 98304K, used 43546K [0x0000000704600000, 0x0000000800000000)
  region size 2048K, 3 young (6144K), 2 survivors (4096K)
 Metaspace       used 26542K, committed 26944K, reserved 1114112K
  class space    used 2797K, committed 3008K, reserved 1048576K
}
Event: 9.671 GC heap after
{Heap after GC invocations=12 (full 0):
 garbage-first heap   total 98304K, used 41324K [0x0000000704600000, 0x0000000800000000)
  region size 2048K, 1 young (2048K), 1 survivors (2048K)
 Metaspace       used 26542K, committed 26944K, reserved 1114112K
  class space    used 2797K, committed 3008K, reserved 1048576K
}
Event: 10.567 GC heap before
{Heap before GC invocations=12 (full 0):
 garbage-first heap   total 98304K, used 67948K [0x0000000704600000, 0x0000000800000000)
  region size 2048K, 15 young (30720K), 1 survivors (2048K)
 Metaspace       used 27215K, committed 27648K, reserved 1114112K
  class space    used 2855K, committed 3072K, reserved 1048576K
}
Event: 10.570 GC heap after
{Heap after GC invocations=13 (full 0):
 garbage-first heap   total 98304K, used 41145K [0x0000000704600000, 0x0000000800000000)
  region size 2048K, 1 young (2048K), 1 survivors (2048K)
 Metaspace       used 27215K, committed 27648K, reserved 1114112K
  class space    used 2855K, committed 3072K, reserved 1048576K
}
Event: 10.925 GC heap before
{Heap before GC invocations=13 (full 0):
 garbage-first heap   total 98304K, used 71865K [0x0000000704600000, 0x0000000800000000)
  region size 2048K, 16 young (32768K), 1 survivors (2048K)
 Metaspace       used 27242K, committed 27712K, reserved 1114112K
  class space    used 2855K, committed 3072K, reserved 1048576K
}
Event: 10.927 GC heap after
{Heap after GC invocations=14 (full 0):
 garbage-first heap   total 98304K, used 41083K [0x0000000704600000, 0x0000000800000000)
  region size 2048K, 1 young (2048K), 1 survivors (2048K)
 Metaspace       used 27242K, committed 27712K, reserved 1114112K
  class space    used 2855K, committed 3072K, reserved 1048576K
}
Event: 11.337 GC heap before
{Heap before GC invocations=14 (full 0):
 garbage-first heap   total 98304K, used 73851K [0x0000000704600000, 0x0000000800000000)
  region size 2048K, 17 young (34816K), 1 survivors (2048K)
 Metaspace       used 27487K, committed 27904K, reserved 1114112K
  class space    used 2858K, committed 3072K, reserved 1048576K
}
Event: 11.345 GC heap after
{Heap after GC invocations=15 (full 0):
 garbage-first heap   total 98304K, used 42376K [0x0000000704600000, 0x0000000800000000)
  region size 2048K, 1 young (2048K), 1 survivors (2048K)
 Metaspace       used 27487K, committed 27904K, reserved 1114112K
  class space    used 2858K, committed 3072K, reserved 1048576K
}
Event: 11.827 GC heap before
{Heap before GC invocations=15 (full 0):
 garbage-first heap   total 98304K, used 77192K [0x0000000704600000, 0x0000000800000000)
  region size 2048K, 18 young (36864K), 1 survivors (2048K)
 Metaspace       used 28106K, committed 28544K, reserved 1114112K
  class space    used 2921K, committed 3136K, reserved 1048576K
}
Event: 11.839 GC heap after
{Heap after GC invocations=16 (full 0):
 garbage-first heap   total 98304K, used 42631K [0x0000000704600000, 0x0000000800000000)
  region size 2048K, 1 young (2048K), 1 survivors (2048K)
 Metaspace       used 28106K, committed 28544K, reserved 1114112K
  class space    used 2921K, committed 3136K, reserved 1048576K
}
Event: 13.543 GC heap before
{Heap before GC invocations=16 (full 0):
 garbage-first heap   total 98304K, used 81543K [0x0000000704600000, 0x0000000800000000)
  region size 2048K, 19 young (38912K), 1 survivors (2048K)
 Metaspace       used 29775K, committed 30272K, reserved 1114112K
  class space    used 3084K, committed 3328K, reserved 1048576K
}
Event: 13.561 GC heap after
{Heap after GC invocations=17 (full 0):
 garbage-first heap   total 149504K, used 47266K [0x0000000704600000, 0x0000000800000000)
  region size 2048K, 3 young (6144K), 3 survivors (6144K)
 Metaspace       used 29775K, committed 30272K, reserved 1114112K
  class space    used 3084K, committed 3328K, reserved 1048576K
}
Event: 15.774 GC heap before
{Heap before GC invocations=17 (full 0):
 garbage-first heap   total 149504K, used 112802K [0x0000000704600000, 0x0000000800000000)
  region size 2048K, 36 young (73728K), 3 survivors (6144K)
 Metaspace       used 29988K, committed 30464K, reserved 1114112K
  class space    used 3093K, committed 3328K, reserved 1048576K
}
Event: 15.805 GC heap after
{Heap after GC invocations=18 (full 0):
 garbage-first heap   total 149504K, used 67777K [0x0000000704600000, 0x0000000800000000)
  region size 2048K, 5 young (10240K), 5 survivors (10240K)
 Metaspace       used 29988K, committed 30464K, reserved 1114112K
  class space    used 3093K, committed 3328K, reserved 1048576K
}
Event: 16.848 GC heap before
{Heap before GC invocations=18 (full 0):
 garbage-first heap   total 149504K, used 108737K [0x0000000704600000, 0x0000000800000000)
  region size 2048K, 25 young (51200K), 5 survivors (10240K)
 Metaspace       used 31403K, committed 31872K, reserved 1114112K
  class space    used 3249K, committed 3456K, reserved 1048576K
}
Event: 16.858 GC heap after
{Heap after GC invocations=19 (full 0):
 garbage-first heap   total 149504K, used 63887K [0x0000000704600000, 0x0000000800000000)
  region size 2048K, 1 young (2048K), 1 survivors (2048K)
 Metaspace       used 31403K, committed 31872K, reserved 1114112K
  class space    used 3249K, committed 3456K, reserved 1048576K
}

