# JRE version: Java(TM) SE Runtime Environment (19.0.2+7) (build 19.0.2+7-44)
# Java VM: Java HotSpot(TM) 64-Bit Server VM (19.0.2+7-44, mixed mode, sharing, tiered, compressed oops, compressed class ptrs, g1 gc, windows-amd64)
GC Precious Log:
 CardTable entry size: 512
 Card Set container configuration: InlinePtr #cards 4 size 8 Array Of Cards #cards 16 size 48 Howl #buckets 8 coarsen threshold 3686 Howl Bitmap #cards 512 size 80 coarsen threshold 460 Card regions per heap region 1 cards per card region 4096
 CPUs: 8 total, 8 available
 Memory: 16103M
 Large Page Support: Disabled
 NUMA Support: Disabled
 Compressed Oops: Enabled (Zero based)
 Heap Region Size: 2M
 Heap Min Capacity: 8M
 Heap Initial Capacity: 252M
 Heap Max Capacity: 4026M
 Pre-touch: Disabled
 Parallel Workers: 8
 Concurrent Workers: 2
 Concurrent Refinement Workers: 8
 Periodic GC: Disabled
Heap:
 garbage-first heap   total 139264K, used 92343K [0x0000000704600000, 0x0000000800000000)
  region size 2048K, 15 young (30720K), 1 survivors (2048K)
 Metaspace       used 32503K, committed 33088K, reserved 1114112K
  class space    used 3350K, committed 3648K, reserved 1048576K
GC Heap History (20 events):
Event: 4.622 GC heap before
{Heap before GC invocations=6 (full 0):
 garbage-first heap   total 69632K, used 45315K [0x0000000704600000, 0x0000000800000000)
  region size 2048K, 10 young (20480K), 1 survivors (2048K)
 Metaspace       used 24160K, committed 24512K, reserved 1114112K
  class space    used 2576K, committed 2752K, reserved 1048576K
}
Event: 4.626 GC heap after
{Heap after GC invocations=7 (full 0):
 garbage-first heap   total 69632K, used 34252K [0x0000000704600000, 0x0000000800000000)
  region size 2048K, 2 young (4096K), 2 survivors (4096K)
 Metaspace       used 24160K, committed 24512K, reserved 1114112K
  class space    used 2576K, committed 2752K, reserved 1048576K
}
Event: 4.820 GC heap before
{Heap before GC invocations=7 (full 0):
 garbage-first heap   total 69632K, used 48588K [0x0000000704600000, 0x0000000800000000)
  region size 2048K, 9 young (18432K), 2 survivors (4096K)
 Metaspace       used 24677K, committed 25024K, reserved 1114112K
  class space    used 2633K, committed 2816K, reserved 1048576K
}
Event: 4.828 GC heap after
{Heap after GC invocations=8 (full 0):
 garbage-first heap   total 114688K, used 37030K [0x0000000704600000, 0x0000000800000000)
  region size 2048K, 2 young (4096K), 2 survivors (4096K)
 Metaspace       used 24677K, committed 25024K, reserved 1114112K
  class space    used 2633K, committed 2816K, reserved 1048576K
}
Event: 5.703 GC heap before
{Heap before GC invocations=8 (full 0):
 garbage-first heap   total 114688K, used 73894K [0x0000000704600000, 0x0000000800000000)
  region size 2048K, 21 young (43008K), 2 survivors (4096K)
 Metaspace       used 26044K, committed 26496K, reserved 1114112K
  class space    used 2728K, committed 2944K, reserved 1048576K
}
Event: 5.713 GC heap after
{Heap after GC invocations=9 (full 0):
 garbage-first heap   total 114688K, used 41724K [0x0000000704600000, 0x0000000800000000)
  region size 2048K, 3 young (6144K), 3 survivors (6144K)
 Metaspace       used 26044K, committed 26496K, reserved 1114112K
  class space    used 2728K, committed 2944K, reserved 1048576K
}
Event: 6.379 GC heap before
{Heap before GC invocations=9 (full 0):
 garbage-first heap   total 114688K, used 78588K [0x0000000704600000, 0x0000000800000000)
  region size 2048K, 22 young (45056K), 3 survivors (6144K)
 Metaspace       used 27276K, committed 27712K, reserved 1114112K
  class space    used 2852K, committed 3072K, reserved 1048576K
}
Event: 6.389 GC heap after
{Heap after GC invocations=10 (full 0):
 garbage-first heap   total 114688K, used 42799K [0x0000000704600000, 0x0000000800000000)
  region size 2048K, 1 young (2048K), 1 survivors (2048K)
 Metaspace       used 27276K, committed 27712K, reserved 1114112K
  class space    used 2852K, committed 3072K, reserved 1048576K
}
Event: 6.714 GC heap before
{Heap before GC invocations=10 (full 0):
 garbage-first heap   total 114688K, used 81711K [0x0000000704600000, 0x0000000800000000)
  region size 2048K, 20 young (40960K), 1 survivors (2048K)
 Metaspace       used 27329K, committed 27776K, reserved 1114112K
  class space    used 2856K, committed 3072K, reserved 1048576K
}
Event: 6.716 GC heap after
{Heap after GC invocations=11 (full 0):
 garbage-first heap   total 114688K, used 42441K [0x0000000704600000, 0x0000000800000000)
  region size 2048K, 1 young (2048K), 1 survivors (2048K)
 Metaspace       used 27329K, committed 27776K, reserved 1114112K
  class space    used 2856K, committed 3072K, reserved 1048576K
}
Event: 7.140 GC heap before
{Heap before GC invocations=11 (full 0):
 garbage-first heap   total 114688K, used 85449K [0x0000000704600000, 0x0000000800000000)
  region size 2048K, 22 young (45056K), 1 survivors (2048K)
 Metaspace       used 27521K, committed 27968K, reserved 1114112K
  class space    used 2857K, committed 3072K, reserved 1048576K
}
Event: 7.146 GC heap after
{Heap after GC invocations=12 (full 0):
 garbage-first heap   total 114688K, used 43758K [0x0000000704600000, 0x0000000800000000)
  region size 2048K, 1 young (2048K), 1 survivors (2048K)
 Metaspace       used 27521K, committed 27968K, reserved 1114112K
  class space    used 2857K, committed 3072K, reserved 1048576K
}
Event: 7.885 GC heap before
{Heap before GC invocations=12 (full 0):
 garbage-first heap   total 114688K, used 90862K [0x0000000704600000, 0x0000000800000000)
  region size 2048K, 23 young (47104K), 1 survivors (2048K)
 Metaspace       used 29164K, committed 29632K, reserved 1114112K
  class space    used 3044K, committed 3264K, reserved 1048576K
}
Event: 7.893 GC heap after
{Heap after GC invocations=13 (full 0):
 garbage-first heap   total 139264K, used 47196K [0x0000000704600000, 0x0000000800000000)
  region size 2048K, 2 young (4096K), 2 survivors (4096K)
 Metaspace       used 29164K, committed 29632K, reserved 1114112K
  class space    used 3044K, committed 3264K, reserved 1048576K
}
Event: 9.773 GC heap before
{Heap before GC invocations=13 (full 0):
 garbage-first heap   total 139264K, used 104540K [0x0000000704600000, 0x0000000800000000)
  region size 2048K, 31 young (63488K), 2 survivors (4096K)
 Metaspace       used 29972K, committed 30464K, reserved 1114112K
  class space    used 3086K, committed 3328K, reserved 1048576K
}
Event: 9.783 GC heap after
{Heap after GC invocations=14 (full 0):
 garbage-first heap   total 139264K, used 58078K [0x0000000704600000, 0x0000000800000000)
  region size 2048K, 4 young (8192K), 4 survivors (8192K)
 Metaspace       used 29972K, committed 30464K, reserved 1114112K
  class space    used 3086K, committed 3328K, reserved 1048576K
}
Event: 10.621 GC heap before
{Heap before GC invocations=14 (full 0):
 garbage-first heap   total 139264K, used 105182K [0x0000000704600000, 0x0000000800000000)
  region size 2048K, 27 young (55296K), 4 survivors (8192K)
 Metaspace       used 30564K, committed 31040K, reserved 1114112K
  class space    used 3160K, committed 3392K, reserved 1048576K
}
Event: 10.633 GC heap after
{Heap after GC invocations=15 (full 0):
 garbage-first heap   total 139264K, used 69319K [0x0000000704600000, 0x0000000800000000)
  region size 2048K, 4 young (8192K), 4 survivors (8192K)
 Metaspace       used 30564K, committed 31040K, reserved 1114112K
  class space    used 3160K, committed 3392K, reserved 1048576K
}
Event: 11.216 GC heap before
{Heap before GC invocations=15 (full 0):
 garbage-first heap   total 139264K, used 102087K [0x0000000704600000, 0x0000000800000000)
  region size 2048K, 21 young (43008K), 4 survivors (8192K)
 Metaspace       used 31511K, committed 32000K, reserved 1114112K
  class space    used 3242K, committed 3456K, reserved 1048576K
}
Event: 11.220 GC heap after
{Heap after GC invocations=16 (full 0):
 garbage-first heap   total 139264K, used 67767K [0x0000000704600000, 0x0000000800000000)
  region size 2048K, 1 young (2048K), 1 survivors (2048K)
 Metaspace       used 31511K, committed 32000K, reserved 1114112K
  class space    used 3242K, committed 3456K, reserved 1048576K
}

