# JRE version: Java(TM) SE Runtime Environment (19.0.2+7) (build 19.0.2+7-44)
# Java VM: Java HotSpot(TM) 64-Bit Server VM (19.0.2+7-44, mixed mode, sharing, tiered, compressed oops, compressed class ptrs, g1 gc, windows-amd64)
GC Precious Log:
 CardTable entry size: 512
 Card Set container configuration: InlinePtr #cards 4 size 8 Array Of Cards #cards 16 size 48 Howl #buckets 8 coarsen threshold 3686 Howl Bitmap #cards 512 size 80 coarsen threshold 460 Card regions per heap region 1 cards per card region 4096
 CPUs: 8 total, 8 available
 Memory: 16103M
 Large Page Support: Disabled
 NUMA Support: Disabled
 Compressed Oops: Enabled (Zero based)
 Heap Region Size: 2M
 Heap Min Capacity: 8M
 Heap Initial Capacity: 252M
 Heap Max Capacity: 4026M
 Pre-touch: Disabled
 Parallel Workers: 8
 Concurrent Workers: 2
 Concurrent Refinement Workers: 8
 Periodic GC: Disabled
Heap:
 garbage-first heap   total 149504K, used 84910K [0x0000000704600000, 0x0000000800000000)
  region size 2048K, 11 young (22528K), 1 survivors (2048K)
 Metaspace       used 32478K, committed 33024K, reserved 1114112K
  class space    used 3351K, committed 3648K, reserved 1048576K
GC Heap History (20 events):
Event: 4.234 GC heap before
{Heap before GC invocations=5 (full 0):
 garbage-first heap   total 69632K, used 28188K [0x0000000704600000, 0x0000000800000000)
  region size 2048K, 4 young (8192K), 3 survivors (6144K)
 Metaspace       used 24078K, committed 24512K, reserved 1114112K
  class space    used 2574K, committed 2816K, reserved 1048576K
}
Event: 4.239 GC heap after
{Heap after GC invocations=6 (full 0):
 garbage-first heap   total 69632K, used 28538K [0x0000000704600000, 0x0000000800000000)
  region size 2048K, 1 young (2048K), 1 survivors (2048K)
 Metaspace       used 24078K, committed 24512K, reserved 1114112K
  class space    used 2574K, committed 2816K, reserved 1048576K
}
Event: 4.596 GC heap before
{Heap before GC invocations=6 (full 0):
 garbage-first heap   total 69632K, used 44922K [0x0000000704600000, 0x0000000800000000)
  region size 2048K, 10 young (20480K), 1 survivors (2048K)
 Metaspace       used 24140K, committed 24640K, reserved 1114112K
  class space    used 2574K, committed 2816K, reserved 1048576K
}
Event: 4.601 GC heap after
{Heap after GC invocations=7 (full 0):
 garbage-first heap   total 69632K, used 34182K [0x0000000704600000, 0x0000000800000000)
  region size 2048K, 2 young (4096K), 2 survivors (4096K)
 Metaspace       used 24140K, committed 24640K, reserved 1114112K
  class space    used 2574K, committed 2816K, reserved 1048576K
}
Event: 4.807 GC heap before
{Heap before GC invocations=7 (full 0):
 garbage-first heap   total 69632K, used 48518K [0x0000000704600000, 0x0000000800000000)
  region size 2048K, 9 young (18432K), 2 survivors (4096K)
 Metaspace       used 24649K, committed 25024K, reserved 1114112K
  class space    used 2633K, committed 2816K, reserved 1048576K
}
Event: 4.815 GC heap after
{Heap after GC invocations=8 (full 0):
 garbage-first heap   total 122880K, used 37450K [0x0000000704600000, 0x0000000800000000)
  region size 2048K, 2 young (4096K), 2 survivors (4096K)
 Metaspace       used 24649K, committed 25024K, reserved 1114112K
  class space    used 2633K, committed 2816K, reserved 1048576K
}
Event: 5.629 GC heap before
{Heap before GC invocations=8 (full 0):
 garbage-first heap   total 122880K, used 80458K [0x0000000704600000, 0x0000000800000000)
  region size 2048K, 24 young (49152K), 2 survivors (4096K)
 Metaspace       used 26335K, committed 26752K, reserved 1114112K
  class space    used 2771K, committed 2944K, reserved 1048576K
}
Event: 5.640 GC heap after
{Heap after GC invocations=9 (full 0):
 garbage-first heap   total 122880K, used 41670K [0x0000000704600000, 0x0000000800000000)
  region size 2048K, 3 young (6144K), 3 survivors (6144K)
 Metaspace       used 26335K, committed 26752K, reserved 1114112K
  class space    used 2771K, committed 2944K, reserved 1048576K
}
Event: 6.116 GC heap before
{Heap before GC invocations=9 (full 0):
 garbage-first heap   total 122880K, used 84678K [0x0000000704600000, 0x0000000800000000)
  region size 2048K, 25 young (51200K), 3 survivors (6144K)
 Metaspace       used 27271K, committed 27712K, reserved 1114112K
  class space    used 2854K, committed 3072K, reserved 1048576K
}
Event: 6.129 GC heap after
{Heap after GC invocations=10 (full 0):
 garbage-first heap   total 122880K, used 43285K [0x0000000704600000, 0x0000000800000000)
  region size 2048K, 1 young (2048K), 1 survivors (2048K)
 Metaspace       used 27271K, committed 27712K, reserved 1114112K
  class space    used 2854K, committed 3072K, reserved 1048576K
}
Event: 6.417 GC heap before
{Heap before GC invocations=10 (full 0):
 garbage-first heap   total 122880K, used 90389K [0x0000000704600000, 0x0000000800000000)
  region size 2048K, 24 young (49152K), 1 survivors (2048K)
 Metaspace       used 27434K, committed 27840K, reserved 1114112K
  class space    used 2856K, committed 3072K, reserved 1048576K
}
Event: 6.426 GC heap after
{Heap after GC invocations=11 (full 0):
 garbage-first heap   total 122880K, used 44002K [0x0000000704600000, 0x0000000800000000)
  region size 2048K, 1 young (2048K), 1 survivors (2048K)
 Metaspace       used 27434K, committed 27840K, reserved 1114112K
  class space    used 2856K, committed 3072K, reserved 1048576K
}
Event: 6.647 GC heap before
{Heap before GC invocations=11 (full 0):
 garbage-first heap   total 122880K, used 93154K [0x0000000704600000, 0x0000000800000000)
  region size 2048K, 25 young (51200K), 1 survivors (2048K)
 Metaspace       used 27533K, committed 27968K, reserved 1114112K
  class space    used 2858K, committed 3072K, reserved 1048576K
}
Event: 6.652 GC heap after
{Heap after GC invocations=12 (full 0):
 garbage-first heap   total 149504K, used 44196K [0x0000000704600000, 0x0000000800000000)
  region size 2048K, 1 young (2048K), 1 survivors (2048K)
 Metaspace       used 27533K, committed 27968K, reserved 1114112K
  class space    used 2858K, committed 3072K, reserved 1048576K
}
Event: 8.439 GC heap before
{Heap before GC invocations=12 (full 0):
 garbage-first heap   total 149504K, used 113828K [0x0000000704600000, 0x0000000800000000)
  region size 2048K, 35 young (71680K), 1 survivors (2048K)
 Metaspace       used 29921K, committed 30400K, reserved 1114112K
  class space    used 3087K, committed 3328K, reserved 1048576K
}
Event: 8.450 GC heap after
{Heap after GC invocations=13 (full 0):
 garbage-first heap   total 149504K, used 55646K [0x0000000704600000, 0x0000000800000000)
  region size 2048K, 5 young (10240K), 5 survivors (10240K)
 Metaspace       used 29921K, committed 30400K, reserved 1114112K
  class space    used 3087K, committed 3328K, reserved 1048576K
}
Event: 9.130 GC heap before
{Heap before GC invocations=13 (full 0):
 garbage-first heap   total 149504K, used 110942K [0x0000000704600000, 0x0000000800000000)
  region size 2048K, 32 young (65536K), 5 survivors (10240K)
 Metaspace       used 30567K, committed 31104K, reserved 1114112K
  class space    used 3167K, committed 3456K, reserved 1048576K
}
Event: 9.144 GC heap after
{Heap after GC invocations=14 (full 0):
 garbage-first heap   total 149504K, used 69466K [0x0000000704600000, 0x0000000800000000)
  region size 2048K, 4 young (8192K), 4 survivors (8192K)
 Metaspace       used 30567K, committed 31104K, reserved 1114112K
  class space    used 3167K, committed 3456K, reserved 1048576K
}
Event: 9.771 GC heap before
{Heap before GC invocations=14 (full 0):
 garbage-first heap   total 149504K, used 110426K [0x0000000704600000, 0x0000000800000000)
  region size 2048K, 24 young (49152K), 4 survivors (8192K)
 Metaspace       used 31589K, committed 32064K, reserved 1114112K
  class space    used 3254K, committed 3520K, reserved 1048576K
}
Event: 9.778 GC heap after
{Heap after GC invocations=15 (full 0):
 garbage-first heap   total 149504K, used 68526K [0x0000000704600000, 0x0000000800000000)
  region size 2048K, 1 young (2048K), 1 survivors (2048K)
 Metaspace       used 31589K, committed 32064K, reserved 1114112K
  class space    used 3254K, committed 3520K, reserved 1048576K
}

