# JRE version: Java(TM) SE Runtime Environment (19.0.2+7) (build 19.0.2+7-44)
# Java VM: Java HotSpot(TM) 64-Bit Server VM (19.0.2+7-44, mixed mode, sharing, tiered, compressed oops, compressed class ptrs, g1 gc, windows-amd64)
GC Precious Log:
 CardTable entry size: 512
 Card Set container configuration: InlinePtr #cards 4 size 8 Array Of Cards #cards 16 size 48 Howl #buckets 8 coarsen threshold 3686 Howl Bitmap #cards 512 size 80 coarsen threshold 460 Card regions per heap region 1 cards per card region 4096
 CPUs: 8 total, 8 available
 Memory: 16103M
 Large Page Support: Disabled
 NUMA Support: Disabled
 Compressed Oops: Enabled (Zero based)
 Heap Region Size: 2M
 Heap Min Capacity: 8M
 Heap Initial Capacity: 252M
 Heap Max Capacity: 4026M
 Pre-touch: Disabled
 Parallel Workers: 8
 Concurrent Workers: 2
 Concurrent Refinement Workers: 8
 Periodic GC: Disabled
Heap:
 garbage-first heap   total 161792K, used 67964K [0x0000000704600000, 0x0000000800000000)
  region size 2048K, 11 young (22528K), 2 survivors (4096K)
 Metaspace       used 31251K, committed 31616K, reserved 1114112K
  class space    used 3278K, committed 3456K, reserved 1048576K
GC Heap History (20 events):
Event: 0.574 GC heap before
{Heap before GC invocations=0 (full 0):
 garbage-first heap   total 258048K, used 22528K [0x0000000704600000, 0x0000000800000000)
  region size 2048K, 11 young (22528K), 0 survivors (0K)
 Metaspace       used 5283K, committed 5440K, reserved 1114112K
  class space    used 583K, committed 640K, reserved 1048576K
}
Event: 0.578 GC heap after
{Heap after GC invocations=1 (full 0):
 garbage-first heap   total 258048K, used 3722K [0x0000000704600000, 0x0000000800000000)
  region size 2048K, 2 young (4096K), 2 survivors (4096K)
 Metaspace       used 5283K, committed 5440K, reserved 1114112K
  class space    used 583K, committed 640K, reserved 1048576K
}
Event: 1.075 GC heap before
{Heap before GC invocations=1 (full 0):
 garbage-first heap   total 258048K, used 38538K [0x0000000704600000, 0x0000000800000000)
  region size 2048K, 19 young (38912K), 2 survivors (4096K)
 Metaspace       used 10767K, committed 10944K, reserved 1114112K
  class space    used 1258K, committed 1344K, reserved 1048576K
}
Event: 1.080 GC heap after
{Heap after GC invocations=2 (full 0):
 garbage-first heap   total 258048K, used 6291K [0x0000000704600000, 0x0000000800000000)
  region size 2048K, 2 young (4096K), 2 survivors (4096K)
 Metaspace       used 10767K, committed 10944K, reserved 1114112K
  class space    used 1258K, committed 1344K, reserved 1048576K
}
Event: 2.493 GC heap before
{Heap before GC invocations=2 (full 0):
 garbage-first heap   total 258048K, used 143507K [0x0000000704600000, 0x0000000800000000)
  region size 2048K, 55 young (112640K), 2 survivors (4096K)
 Metaspace       used 21163K, committed 21504K, reserved 1114112K
  class space    used 2306K, committed 2496K, reserved 1048576K
}
Event: 2.501 GC heap after
{Heap after GC invocations=3 (full 0):
 garbage-first heap   total 258048K, used 15253K [0x0000000704600000, 0x0000000800000000)
  region size 2048K, 6 young (12288K), 6 survivors (12288K)
 Metaspace       used 21163K, committed 21504K, reserved 1114112K
  class space    used 2306K, committed 2496K, reserved 1048576K
}
Event: 2.952 GC heap before
{Heap before GC invocations=4 (full 0):
 garbage-first heap   total 61440K, used 39829K [0x0000000704600000, 0x0000000800000000)
  region size 2048K, 18 young (36864K), 6 survivors (12288K)
 Metaspace       used 23843K, committed 24192K, reserved 1114112K
  class space    used 2566K, committed 2752K, reserved 1048576K
}
Event: 2.977 GC heap after
{Heap after GC invocations=5 (full 0):
 garbage-first heap   total 63488K, used 24316K [0x0000000704600000, 0x0000000800000000)
  region size 2048K, 3 young (6144K), 3 survivors (6144K)
 Metaspace       used 23843K, committed 24192K, reserved 1114112K
  class space    used 2566K, committed 2752K, reserved 1048576K
}
Event: 2.994 GC heap before
{Heap before GC invocations=5 (full 0):
 garbage-first heap   total 63488K, used 26364K [0x0000000704600000, 0x0000000800000000)
  region size 2048K, 4 young (8192K), 3 survivors (6144K)
 Metaspace       used 23843K, committed 24192K, reserved 1114112K
  class space    used 2566K, committed 2752K, reserved 1048576K
}
Event: 2.998 GC heap after
{Heap after GC invocations=6 (full 0):
 garbage-first heap   total 63488K, used 26823K [0x0000000704600000, 0x0000000800000000)
  region size 2048K, 1 young (2048K), 1 survivors (2048K)
 Metaspace       used 23843K, committed 24192K, reserved 1114112K
  class space    used 2566K, committed 2752K, reserved 1048576K
}
Event: 3.142 GC heap before
{Heap before GC invocations=6 (full 0):
 garbage-first heap   total 63488K, used 43207K [0x0000000704600000, 0x0000000800000000)
  region size 2048K, 9 young (18432K), 1 survivors (2048K)
 Metaspace       used 24209K, committed 24576K, reserved 1114112K
  class space    used 2607K, committed 2816K, reserved 1048576K
}
Event: 3.145 GC heap after
{Heap after GC invocations=7 (full 0):
 garbage-first heap   total 63488K, used 30688K [0x0000000704600000, 0x0000000800000000)
  region size 2048K, 2 young (4096K), 2 survivors (4096K)
 Metaspace       used 24209K, committed 24576K, reserved 1114112K
  class space    used 2607K, committed 2816K, reserved 1048576K
}
Event: 3.265 GC heap before
{Heap before GC invocations=7 (full 0):
 garbage-first heap   total 63488K, used 45024K [0x0000000704600000, 0x0000000800000000)
  region size 2048K, 9 young (18432K), 2 survivors (4096K)
 Metaspace       used 24601K, committed 25024K, reserved 1114112K
  class space    used 2626K, committed 2816K, reserved 1048576K
}
Event: 3.272 GC heap after
{Heap after GC invocations=8 (full 0):
 garbage-first heap   total 161792K, used 33641K [0x0000000704600000, 0x0000000800000000)
  region size 2048K, 2 young (4096K), 2 survivors (4096K)
 Metaspace       used 24601K, committed 25024K, reserved 1114112K
  class space    used 2626K, committed 2816K, reserved 1048576K
}
Event: 4.325 GC heap before
{Heap before GC invocations=8 (full 0):
 garbage-first heap   total 161792K, used 103273K [0x0000000704600000, 0x0000000800000000)
  region size 2048K, 37 young (75776K), 2 survivors (4096K)
 Metaspace       used 27085K, committed 27520K, reserved 1114112K
  class space    used 2842K, committed 3072K, reserved 1048576K
}
Event: 4.331 GC heap after
{Heap after GC invocations=9 (full 0):
 garbage-first heap   total 161792K, used 34980K [0x0000000704600000, 0x0000000800000000)
  region size 2048K, 3 young (6144K), 3 survivors (6144K)
 Metaspace       used 27085K, committed 27520K, reserved 1114112K
  class space    used 2842K, committed 3072K, reserved 1048576K
}
Event: 5.779 GC heap before
{Heap before GC invocations=9 (full 0):
 garbage-first heap   total 161792K, used 108708K [0x0000000704600000, 0x0000000800000000)
  region size 2048K, 39 young (79872K), 3 survivors (6144K)
 Metaspace       used 28860K, committed 29312K, reserved 1114112K
  class space    used 3033K, committed 3264K, reserved 1048576K
}
Event: 5.794 GC heap after
{Heap after GC invocations=10 (full 0):
 garbage-first heap   total 161792K, used 54279K [0x0000000704600000, 0x0000000800000000)
  region size 2048K, 5 young (10240K), 5 survivors (10240K)
 Metaspace       used 28860K, committed 29312K, reserved 1114112K
  class space    used 3033K, committed 3264K, reserved 1048576K
}
Event: 6.494 GC heap before
{Heap before GC invocations=10 (full 0):
 garbage-first heap   total 161792K, used 109575K [0x0000000704600000, 0x0000000800000000)
  region size 2048K, 32 young (65536K), 5 survivors (10240K)
 Metaspace       used 30339K, committed 30784K, reserved 1114112K
  class space    used 3181K, committed 3392K, reserved 1048576K
}
Event: 6.500 GC heap after
{Heap after GC invocations=11 (full 0):
 garbage-first heap   total 161792K, used 51580K [0x0000000704600000, 0x0000000800000000)
  region size 2048K, 2 young (4096K), 2 survivors (4096K)
 Metaspace       used 30339K, committed 30784K, reserved 1114112K
  class space    used 3181K, committed 3392K, reserved 1048576K
}

